TN:
SF:src/js/constants.js
FNF:0
FNH:0
DA:2,3
DA:3,3
DA:4,3
DA:5,3
DA:6,3
DA:7,3
DA:15,3
DA:23,3
LF:8
LH:8
BRF:0
BRH:0
end_of_record
TN:
SF:src/js/game.js
FN:30,(anonymous_0)
FN:38,(anonymous_1)
FN:43,(anonymous_2)
FN:76,(anonymous_3)
FN:82,(anonymous_4)
FN:88,(anonymous_5)
FN:114,(anonymous_6)
FN:144,(anonymous_7)
FN:155,(anonymous_8)
FN:170,(anonymous_9)
FN:264,(anonymous_10)
FN:265,(anonymous_11)
FN:305,(anonymous_12)
FN:340,(anonymous_13)
FN:393,(anonymous_14)
FN:394,(anonymous_15)
FN:394,(anonymous_16)
FN:405,(anonymous_17)
FN:406,(anonymous_18)
FN:409,(anonymous_19)
FN:433,(anonymous_20)
FN:439,(anonymous_21)
FN:460,(anonymous_22)
FN:475,(anonymous_23)
FN:476,(anonymous_24)
FN:501,(anonymous_25)
FN:505,(anonymous_26)
FN:510,(anonymous_27)
FN:521,(anonymous_28)
FN:542,(anonymous_29)
FN:550,(anonymous_30)
FN:551,(anonymous_31)
FNF:32
FNH:10
FNDA:0,(anonymous_0)
FNDA:0,(anonymous_1)
FNDA:0,(anonymous_2)
FNDA:0,(anonymous_3)
FNDA:0,(anonymous_4)
FNDA:0,(anonymous_5)
FNDA:6,(anonymous_6)
FNDA:6,(anonymous_7)
FNDA:0,(anonymous_8)
FNDA:0,(anonymous_9)
FNDA:0,(anonymous_10)
FNDA:0,(anonymous_11)
FNDA:0,(anonymous_12)
FNDA:0,(anonymous_13)
FNDA:3,(anonymous_14)
FNDA:12,(anonymous_15)
FNDA:7,(anonymous_16)
FNDA:0,(anonymous_17)
FNDA:0,(anonymous_18)
FNDA:0,(anonymous_19)
FNDA:3,(anonymous_20)
FNDA:6,(anonymous_21)
FNDA:0,(anonymous_22)
FNDA:7,(anonymous_23)
FNDA:9,(anonymous_24)
FNDA:0,(anonymous_25)
FNDA:0,(anonymous_26)
FNDA:0,(anonymous_27)
FNDA:3,(anonymous_28)
FNDA:0,(anonymous_29)
FNDA:0,(anonymous_30)
FNDA:0,(anonymous_31)
DA:9,1
DA:31,0
DA:32,0
DA:33,0
DA:35,0
DA:38,0
DA:43,0
DA:50,0
DA:51,0
DA:52,0
DA:56,0
DA:57,0
DA:58,0
DA:59,0
DA:60,0
DA:61,0
DA:62,0
DA:63,0
DA:66,0
DA:67,0
DA:70,0
DA:71,0
DA:72,0
DA:73,0
DA:76,0
DA:77,0
DA:83,0
DA:84,0
DA:89,0
DA:90,0
DA:91,0
DA:93,0
DA:94,0
DA:95,0
DA:96,0
DA:97,0
DA:99,0
DA:100,0
DA:101,0
DA:102,0
DA:115,6
DA:116,6
DA:119,5
DA:120,5
DA:121,5
DA:122,5
DA:123,5
DA:128,5
DA:129,9
DA:131,8
DA:133,3
DA:135,2
DA:137,1
DA:140,4
DA:145,6
DA:146,15
DA:148,3
DA:156,0
DA:158,0
DA:159,0
DA:162,0
DA:163,0
DA:165,0
DA:166,0
DA:167,0
DA:168,0
DA:169,0
DA:170,0
DA:172,0
DA:176,0
DA:177,0
DA:178,0
DA:179,0
DA:180,0
DA:181,0
DA:187,0
DA:190,0
DA:191,0
DA:192,0
DA:193,0
DA:194,0
DA:196,0
DA:197,0
DA:198,0
DA:199,0
DA:200,0
DA:201,0
DA:203,0
DA:207,0
DA:208,0
DA:210,0
DA:211,0
DA:215,0
DA:218,0
DA:219,0
DA:222,0
DA:230,0
DA:233,0
DA:236,0
DA:237,0
DA:240,0
DA:241,0
DA:242,0
DA:245,0
DA:248,0
DA:251,0
DA:252,0
DA:255,0
DA:256,0
DA:265,0
DA:266,0
DA:267,0
DA:270,0
DA:271,0
DA:274,0
DA:275,0
DA:276,0
DA:277,0
DA:278,0
DA:279,0
DA:282,0
DA:283,0
DA:284,0
DA:285,0
DA:286,0
DA:287,0
DA:288,0
DA:289,0
DA:290,0
DA:291,0
DA:292,0
DA:295,0
DA:298,0
DA:299,0
DA:301,0
DA:302,0
DA:303,0
DA:305,0
DA:306,0
DA:307,0
DA:309,0
DA:312,0
DA:313,0
DA:314,0
DA:317,0
DA:318,0
DA:320,0
DA:321,0
DA:322,0
DA:324,0
DA:325,0
DA:327,0
DA:328,0
DA:332,0
DA:341,0
DA:343,0
DA:344,0
DA:347,0
DA:348,0
DA:349,0
DA:350,0
DA:351,0
DA:352,0
DA:353,0
DA:358,0
DA:359,0
DA:360,0
DA:361,0
DA:364,0
DA:367,0
DA:370,0
DA:371,0
DA:375,0
DA:378,0
DA:381,0
DA:383,0
DA:394,12
DA:395,3
DA:396,12
DA:406,0
DA:407,0
DA:409,0
DA:410,0
DA:411,0
DA:414,0
DA:415,0
DA:416,0
DA:420,0
DA:421,0
DA:422,0
DA:423,0
DA:426,0
DA:434,3
DA:435,4
DA:438,4
DA:439,6
DA:442,4
DA:443,2
DA:444,2
DA:447,2
DA:448,2
DA:449,0
DA:452,0
DA:453,0
DA:454,0
DA:455,0
DA:456,0
DA:457,0
DA:460,0
DA:461,0
DA:466,2
DA:476,9
DA:477,7
DA:479,6
DA:480,6
DA:483,6
DA:484,6
DA:485,6
DA:486,3
DA:487,3
DA:488,2
DA:492,6
DA:495,6
DA:498,6
DA:499,6
DA:500,6
DA:501,6
DA:502,0
DA:503,0
DA:505,6
DA:506,0
DA:510,6
DA:511,0
DA:514,6
DA:523,3
DA:526,2
DA:527,2
DA:528,6
DA:529,6
DA:530,6
DA:534,2
DA:535,4
DA:539,1
DA:540,1
DA:542,1
DA:543,0
DA:546,1
DA:551,0
LF:248
LH:62
BRDA:31,0,0,0
BRDA:31,0,1,0
BRDA:31,1,0,0
BRDA:31,1,1,0
BRDA:91,2,0,0
BRDA:91,2,1,0
BRDA:91,3,0,0
BRDA:91,3,1,0
BRDA:116,4,0,1
BRDA:116,4,1,5
BRDA:116,5,0,6
BRDA:116,5,1,6
BRDA:122,6,0,5
BRDA:122,6,1,0
BRDA:122,7,0,5
BRDA:122,7,1,5
BRDA:129,8,0,1
BRDA:129,8,1,8
BRDA:131,9,0,5
BRDA:131,9,1,3
BRDA:133,10,0,1
BRDA:133,10,1,2
BRDA:135,11,0,1
BRDA:135,11,1,1
BRDA:135,12,0,2
BRDA:135,12,1,1
BRDA:135,12,2,1
BRDA:135,12,3,1
BRDA:146,13,0,3
BRDA:146,13,1,12
BRDA:156,14,0,0
BRDA:156,14,1,0
BRDA:156,15,0,0
BRDA:156,15,1,0
BRDA:156,15,2,0
BRDA:159,16,0,0
BRDA:159,16,1,0
BRDA:159,17,0,0
BRDA:159,17,1,0
BRDA:162,18,0,0
BRDA:162,18,1,0
BRDA:166,19,0,0
BRDA:166,19,1,0
BRDA:176,20,0,0
BRDA:176,20,1,0
BRDA:200,21,0,0
BRDA:200,21,1,0
BRDA:208,22,0,0
BRDA:208,22,1,0
BRDA:255,23,0,0
BRDA:255,23,1,0
BRDA:276,24,0,0
BRDA:276,24,1,0
BRDA:309,25,0,0
BRDA:309,25,1,0
BRDA:324,26,0,0
BRDA:324,26,1,0
BRDA:350,27,0,0
BRDA:350,27,1,0
BRDA:352,28,0,0
BRDA:352,28,1,0
BRDA:359,29,0,0
BRDA:359,29,1,0
BRDA:396,30,0,7
BRDA:396,30,1,5
BRDA:411,31,0,0
BRDA:411,31,1,0
BRDA:415,32,0,0
BRDA:415,32,1,0
BRDA:435,33,0,0
BRDA:435,33,1,4
BRDA:439,34,0,6
BRDA:439,34,1,3
BRDA:442,35,0,2
BRDA:442,35,1,2
BRDA:448,36,0,0
BRDA:448,36,1,2
BRDA:461,37,0,0
BRDA:461,37,1,0
BRDA:477,38,0,1
BRDA:477,38,1,6
BRDA:485,39,0,3
BRDA:485,39,1,3
BRDA:487,40,0,2
BRDA:487,40,1,1
BRDA:523,41,0,1
BRDA:523,41,1,2
BRDA:528,42,0,6
BRDA:528,42,1,0
BRDA:530,43,0,6
BRDA:530,43,1,4
BRDA:535,44,0,1
BRDA:535,44,1,3
BRF:93
BRH:42
end_of_record
TN:
SF:src/js/levels.js
FNF:0
FNH:0
DA:6,3
LF:1
LH:1
BRF:0
BRH:0
end_of_record
TN:
SF:src/js/particles.js
FN:11,(anonymous_0)
FN:15,(anonymous_1)
FN:19,(anonymous_2)
FN:32,(anonymous_3)
FN:90,(anonymous_4)
FN:95,(anonymous_5)
FN:100,(anonymous_6)
FN:105,(anonymous_7)
FN:110,(anonymous_8)
FN:114,(anonymous_9)
FN:170,(anonymous_10)
FNF:11
FNH:0
FNDA:0,(anonymous_0)
FNDA:0,(anonymous_1)
FNDA:0,(anonymous_2)
FNDA:0,(anonymous_3)
FNDA:0,(anonymous_4)
FNDA:0,(anonymous_5)
FNDA:0,(anonymous_6)
FNDA:0,(anonymous_7)
FNDA:0,(anonymous_8)
FNDA:0,(anonymous_9)
FNDA:0,(anonymous_10)
DA:4,0
DA:12,0
DA:13,0
DA:14,0
DA:15,0
DA:20,0
DA:21,0
DA:33,0
DA:34,0
DA:37,0
DA:39,0
DA:40,0
DA:41,0
DA:42,0
DA:43,0
DA:45,0
DA:46,0
DA:47,0
DA:48,0
DA:49,0
DA:51,0
DA:52,0
DA:53,0
DA:54,0
DA:55,0
DA:57,0
DA:58,0
DA:59,0
DA:60,0
DA:63,0
DA:67,0
DA:83,0
DA:84,0
DA:85,0
DA:91,0
DA:96,0
DA:101,0
DA:106,0
DA:111,0
DA:114,0
DA:116,0
DA:117,0
DA:118,0
DA:121,0
DA:123,0
DA:124,0
DA:125,0
DA:126,0
DA:127,0
DA:128,0
DA:131,0
DA:132,0
DA:133,0
DA:135,0
DA:137,0
DA:138,0
DA:139,0
DA:140,0
DA:141,0
DA:142,0
DA:144,0
DA:145,0
DA:146,0
DA:148,0
DA:149,0
DA:150,0
DA:151,0
DA:154,0
DA:155,0
DA:156,0
DA:159,0
DA:160,0
DA:161,0
DA:162,0
DA:163,0
DA:164,0
DA:169,0
DA:170,0
LF:78
LH:0
BRDA:37,0,0,0
BRDA:37,0,1,0
BRDA:37,0,2,0
BRDA:37,0,3,0
BRDA:63,1,0,0
BRDA:63,1,1,0
BRDA:65,2,0,0
BRDA:65,2,1,0
BRDA:65,2,2,0
BRDA:71,3,0,0
BRDA:71,3,1,0
BRDA:83,4,0,0
BRDA:83,4,1,0
BRDA:116,5,0,0
BRDA:116,5,1,0
BRDA:135,6,0,0
BRDA:135,6,1,0
BRDA:142,7,0,0
BRDA:142,7,1,0
BRDA:159,8,0,0
BRDA:159,8,1,0
BRF:21
BRH:0
end_of_record
TN:
SF:src/js/powerups.js
FN:11,(anonymous_0)
FN:77,(anonymous_1)
FN:106,(anonymous_2)
FN:123,(anonymous_3)
FN:129,(anonymous_4)
FN:195,(anonymous_5)
FNF:6
FNH:0
FNDA:0,(anonymous_0)
FNDA:0,(anonymous_1)
FNDA:0,(anonymous_2)
FNDA:0,(anonymous_3)
FNDA:0,(anonymous_4)
FNDA:0,(anonymous_5)
DA:6,0
DA:12,0
DA:14,0
DA:15,0
DA:16,0
DA:18,0
DA:20,0
DA:21,0
DA:22,0
DA:23,0
DA:24,0
DA:25,0
DA:29,0
DA:30,0
DA:31,0
DA:32,0
DA:35,0
DA:38,0
DA:39,0
DA:40,0
DA:43,0
DA:45,0
DA:46,0
DA:47,0
DA:48,0
DA:49,0
DA:50,0
DA:51,0
DA:54,0
DA:55,0
DA:56,0
DA:62,0
DA:63,0
DA:64,0
DA:67,0
DA:68,0
DA:69,0
DA:70,0
DA:78,0
DA:80,0
DA:81,0
DA:84,0
DA:85,0
DA:92,0
DA:93,0
DA:96,0
DA:97,0
DA:98,0
DA:107,0
DA:109,0
DA:112,0
DA:115,0
DA:116,0
DA:124,0
DA:126,0
DA:129,0
DA:130,0
DA:133,0
DA:136,0
DA:137,0
DA:138,0
DA:139,0
DA:140,0
DA:145,0
DA:146,0
DA:147,0
DA:148,0
DA:149,0
DA:150,0
DA:155,0
DA:156,0
DA:157,0
DA:158,0
DA:159,0
DA:160,0
DA:161,0
DA:165,0
DA:166,0
DA:167,0
DA:168,0
DA:169,0
DA:170,0
DA:171,0
DA:175,0
DA:176,0
DA:181,0
DA:182,0
DA:183,0
DA:184,0
DA:185,0
DA:191,0
DA:192,0
DA:193,0
DA:194,0
DA:195,0
DA:196,0
LF:96
LH:0
BRDA:12,0,0,0
BRDA:12,0,1,0
BRDA:12,1,0,0
BRDA:12,1,1,0
BRDA:12,1,2,0
BRDA:12,1,3,0
BRDA:18,2,0,0
BRDA:18,2,1,0
BRDA:30,3,0,0
BRDA:30,3,1,0
BRDA:30,4,0,0
BRDA:30,4,1,0
BRDA:39,5,0,0
BRDA:39,5,1,0
BRDA:43,6,0,0
BRDA:43,6,1,0
BRDA:55,7,0,0
BRDA:55,7,1,0
BRDA:62,8,0,0
BRDA:62,8,1,0
BRDA:78,9,0,0
BRDA:78,9,1,0
BRDA:78,10,0,0
BRDA:78,10,1,0
BRDA:78,10,2,0
BRDA:96,11,0,0
BRDA:96,11,1,0
BRDA:107,12,0,0
BRDA:107,12,1,0
BRDA:107,13,0,0
BRDA:107,13,1,0
BRDA:107,13,2,0
BRDA:107,13,3,0
BRDA:124,14,0,0
BRDA:124,14,1,0
BRDA:124,15,0,0
BRDA:124,15,1,0
BRDA:124,15,2,0
BRDA:138,16,0,0
BRDA:138,16,1,0
BRDA:140,17,0,0
BRDA:140,17,1,0
BRDA:147,18,0,0
BRDA:147,18,1,0
BRDA:147,19,0,0
BRDA:147,19,1,0
BRDA:148,20,0,0
BRDA:148,20,1,0
BRDA:148,21,0,0
BRDA:148,21,1,0
BRDA:155,22,0,0
BRDA:155,22,1,0
BRDA:159,23,0,0
BRDA:159,23,1,0
BRDA:159,24,0,0
BRDA:159,24,1,0
BRDA:160,25,0,0
BRDA:160,25,1,0
BRDA:168,26,0,0
BRDA:168,26,1,0
BRDA:169,27,0,0
BRDA:169,27,1,0
BRDA:169,28,0,0
BRDA:169,28,1,0
BRDA:175,29,0,0
BRDA:175,29,1,0
BRDA:175,30,0,0
BRDA:175,30,1,0
BRDA:181,31,0,0
BRDA:181,31,1,0
BRDA:183,32,0,0
BRDA:183,32,1,0
BRDA:183,33,0,0
BRDA:183,33,1,0
BRDA:191,34,0,0
BRDA:191,34,1,0
BRDA:193,35,0,0
BRDA:193,35,1,0
BRF:78
BRH:0
end_of_record
TN:
SF:src/js/renderer.js
FN:9,(anonymous_0)
FN:15,(anonymous_1)
FN:16,(anonymous_2)
FN:68,(anonymous_3)
FN:72,(anonymous_4)
FN:86,(anonymous_5)
FN:109,(anonymous_6)
FNF:7
FNH:0
FNDA:0,(anonymous_0)
FNDA:0,(anonymous_1)
FNDA:0,(anonymous_2)
FNDA:0,(anonymous_3)
FNDA:0,(anonymous_4)
FNDA:0,(anonymous_5)
FNDA:0,(anonymous_6)
DA:4,0
DA:10,0
DA:11,0
DA:14,0
DA:15,0
DA:16,0
DA:18,0
DA:19,0
DA:20,0
DA:21,0
DA:22,0
DA:23,0
DA:24,0
DA:25,0
DA:26,0
DA:27,0
DA:31,0
DA:32,0
DA:33,0
DA:35,0
DA:36,0
DA:38,0
DA:39,0
DA:40,0
DA:41,0
DA:43,0
DA:44,0
DA:47,0
DA:48,0
DA:49,0
DA:50,0
DA:53,0
DA:55,0
DA:58,0
DA:66,0
DA:67,0
DA:68,0
DA:69,0
DA:70,0
DA:72,0
DA:73,0
DA:74,0
DA:75,0
DA:79,0
DA:87,0
DA:88,0
DA:90,0
DA:91,0
DA:92,0
DA:93,0
DA:94,0
DA:96,0
DA:97,0
DA:98,0
DA:99,0
DA:102,0
DA:110,0
DA:111,0
DA:112,0
DA:113,0
DA:116,0
DA:117,0
DA:120,0
DA:121,0
DA:124,0
DA:125,0
DA:126,0
DA:129,0
DA:130,0
DA:133,0
DA:134,0
LF:71
LH:0
BRDA:33,0,0,0
BRDA:33,0,1,0
BRDA:36,1,0,0
BRDA:36,1,1,0
BRDA:40,2,0,0
BRDA:40,2,1,0
BRDA:41,3,0,0
BRDA:41,3,1,0
BRDA:49,4,0,0
BRDA:49,4,1,0
BRDA:49,5,0,0
BRDA:49,5,1,0
BRDA:66,6,0,0
BRDA:66,6,1,0
BRDA:94,7,0,0
BRDA:94,7,1,0
BRDA:96,8,0,0
BRDA:96,8,1,0
BRDA:116,9,0,0
BRDA:116,9,1,0
BRDA:116,9,2,0
BRDA:116,9,3,0
BRDA:120,10,0,0
BRDA:120,10,1,0
BRDA:120,10,2,0
BRDA:124,11,0,0
BRDA:124,11,1,0
BRDA:124,11,2,0
BRDA:124,11,3,0
BRDA:129,12,0,0
BRDA:129,12,1,0
BRDA:129,12,2,0
BRDA:134,13,0,0
BRDA:134,13,1,0
BRF:34
BRH:0
end_of_record
TN:
SF:src/js/sound.js
FN:7,(anonymous_0)
FN:17,(anonymous_1)
FN:24,(anonymous_2)
FN:35,(anonymous_3)
FN:42,(anonymous_4)
FN:43,(anonymous_5)
FN:58,(anonymous_6)
FN:59,(anonymous_7)
FN:75,(anonymous_8)
FN:76,(anonymous_9)
FN:91,(anonymous_10)
FN:92,(anonymous_11)
FN:94,(anonymous_12)
FN:111,(anonymous_13)
FN:112,(anonymous_14)
FN:140,(anonymous_15)
FN:141,(anonymous_16)
FN:143,(anonymous_17)
FN:160,(anonymous_18)
FN:161,(anonymous_19)
FN:163,(anonymous_20)
FN:180,(anonymous_21)
FN:181,(anonymous_22)
FN:196,(anonymous_23)
FN:197,(anonymous_24)
FNF:25
FNH:25
FNDA:1,(anonymous_0)
FNDA:10,(anonymous_1)
FNDA:2,(anonymous_2)
FNDA:12,(anonymous_3)
FNDA:1,(anonymous_4)
FNDA:1,(anonymous_5)
FNDA:1,(anonymous_6)
FNDA:1,(anonymous_7)
FNDA:1,(anonymous_8)
FNDA:1,(anonymous_9)
FNDA:1,(anonymous_10)
FNDA:1,(anonymous_11)
FNDA:4,(anonymous_12)
FNDA:1,(anonymous_13)
FNDA:1,(anonymous_14)
FNDA:1,(anonymous_15)
FNDA:1,(anonymous_16)
FNDA:6,(anonymous_17)
FNDA:1,(anonymous_18)
FNDA:1,(anonymous_19)
FNDA:4,(anonymous_20)
FNDA:1,(anonymous_21)
FNDA:1,(anonymous_22)
FNDA:1,(anonymous_23)
FNDA:1,(anonymous_24)
DA:2,1
DA:8,1
DA:9,1
DA:12,0
DA:18,10
DA:19,0
DA:25,2
DA:26,2
DA:27,2
DA:28,2
DA:29,2
DA:30,2
DA:31,2
DA:36,12
DA:37,10
DA:38,10
DA:43,1
DA:44,1
DA:45,1
DA:46,1
DA:47,1
DA:48,1
DA:49,1
DA:50,1
DA:51,1
DA:52,1
DA:53,1
DA:59,1
DA:60,1
DA:61,1
DA:62,1
DA:63,1
DA:64,1
DA:65,1
DA:66,1
DA:67,1
DA:68,1
DA:69,1
DA:70,1
DA:76,1
DA:77,1
DA:78,1
DA:79,1
DA:80,1
DA:81,1
DA:82,1
DA:83,1
DA:84,1
DA:85,1
DA:86,1
DA:92,1
DA:93,1
DA:94,1
DA:95,4
DA:96,4
DA:97,4
DA:98,4
DA:99,4
DA:100,4
DA:101,4
DA:102,4
DA:103,4
DA:104,4
DA:105,4
DA:112,1
DA:114,1
DA:115,1
DA:116,1
DA:117,1
DA:118,1
DA:119,1
DA:120,1
DA:121,1
DA:122,1
DA:123,1
DA:124,1
DA:126,1
DA:127,1
DA:128,1
DA:129,1
DA:130,1
DA:131,1
DA:132,1
DA:133,1
DA:134,1
DA:135,1
DA:141,1
DA:142,1
DA:143,1
DA:144,6
DA:145,6
DA:146,6
DA:147,6
DA:148,6
DA:149,6
DA:150,6
DA:151,6
DA:152,6
DA:153,6
DA:154,6
DA:161,1
DA:162,1
DA:163,1
DA:164,4
DA:165,4
DA:166,4
DA:167,4
DA:168,4
DA:169,4
DA:170,4
DA:171,4
DA:172,4
DA:173,4
DA:174,4
DA:181,1
DA:182,1
DA:183,1
DA:184,1
DA:185,1
DA:186,1
DA:187,1
DA:188,1
DA:189,1
DA:190,1
DA:191,1
DA:197,1
DA:198,1
DA:199,1
DA:200,1
DA:201,1
DA:202,1
DA:203,1
DA:204,1
DA:205,1
DA:206,1
DA:207,1
DA:208,1
LF:137
LH:135
BRDA:9,0,0,1
BRDA:9,0,1,0
BRDA:18,1,0,0
BRDA:18,1,1,10
BRDA:18,2,0,10
BRDA:18,2,1,10
BRDA:26,3,0,1
BRDA:26,3,1,1
BRDA:27,4,0,1
BRDA:27,4,1,1
BRDA:30,5,0,0
BRDA:30,5,1,2
BRDA:31,6,0,0
BRDA:31,6,1,2
BRDA:36,7,0,2
BRDA:36,7,1,10
BRDA:36,8,0,12
BRDA:36,8,1,11
BRDA:146,9,0,4
BRDA:146,9,1,2
BRF:20
BRH:16
end_of_record
TN:
SF:src/js/storage.js
FN:16,(anonymous_0)
FN:30,(anonymous_1)
FN:39,(anonymous_2)
FN:54,(anonymous_3)
FN:59,(anonymous_4)
FN:64,(anonymous_5)
FNF:6
FNH:6
FNDA:3,(anonymous_0)
FNDA:4,(anonymous_1)
FNDA:3,(anonymous_2)
FNDA:2,(anonymous_3)
FNDA:3,(anonymous_4)
FNDA:1,(anonymous_5)
DA:4,1
DA:17,3
DA:18,3
DA:19,3
DA:20,3
DA:21,2
DA:22,2
DA:31,4
DA:32,4
DA:40,3
DA:41,3
DA:42,2
DA:45,3
DA:46,3
DA:48,3
DA:49,3
DA:50,3
DA:55,2
DA:60,3
DA:65,1
DA:66,1
LF:21
LH:21
BRDA:20,0,0,2
BRDA:20,0,1,1
BRDA:40,1,0,3
BRDA:40,1,1,2
BRDA:41,2,0,2
BRDA:41,2,1,1
BRDA:45,3,0,3
BRDA:45,3,1,0
BRDA:55,4,0,2
BRDA:55,4,1,1
BRF:10
BRH:9
end_of_record
TN:
SF:src/js/ui.js
FN:12,(anonymous_0)
FN:16,(anonymous_1)
FN:27,(anonymous_2)
FN:34,(anonymous_3)
FN:68,(anonymous_4)
FN:80,(anonymous_5)
FN:93,(anonymous_6)
FN:111,(anonymous_7)
FN:116,(anonymous_8)
FN:117,(anonymous_9)
FN:125,(anonymous_10)
FN:137,(anonymous_11)
FN:143,(anonymous_12)
FN:149,(anonymous_13)
FNF:14
FNH:0
FNDA:0,(anonymous_0)
FNDA:0,(anonymous_1)
FNDA:0,(anonymous_2)
FNDA:0,(anonymous_3)
FNDA:0,(anonymous_4)
FNDA:0,(anonymous_5)
FNDA:0,(anonymous_6)
FNDA:0,(anonymous_7)
FNDA:0,(anonymous_8)
FNDA:0,(anonymous_9)
FNDA:0,(anonymous_10)
FNDA:0,(anonymous_11)
FNDA:0,(anonymous_12)
FNDA:0,(anonymous_13)
DA:7,0
DA:13,0
DA:16,0
DA:19,0
DA:20,0
DA:23,0
DA:24,0
DA:26,0
DA:27,0
DA:35,0
DA:36,0
DA:38,0
DA:39,0
DA:40,0
DA:41,0
DA:42,0
DA:44,0
DA:45,0
DA:46,0
DA:47,0
DA:50,0
DA:51,0
DA:52,0
DA:53,0
DA:54,0
DA:55,0
DA:56,0
DA:58,0
DA:61,0
DA:64,0
DA:66,0
DA:67,0
DA:68,0
DA:69,0
DA:73,0
DA:81,0
DA:82,0
DA:83,0
DA:94,0
DA:95,0
DA:96,0
DA:97,0
DA:99,0
DA:103,0
DA:104,0
DA:107,0
DA:112,0
DA:117,0
DA:118,0
DA:126,0
DA:127,0
DA:128,0
DA:129,0
DA:132,0
DA:138,0
DA:139,0
DA:144,0
DA:145,0
DA:150,0
DA:151,0
DA:152,0
LF:61
LH:0
BRDA:20,0,0,0
BRDA:20,0,1,0
BRDA:23,1,0,0
BRDA:23,1,1,0
BRDA:26,2,0,0
BRDA:26,2,1,0
BRDA:45,3,0,0
BRDA:45,3,1,0
BRDA:47,4,0,0
BRDA:47,4,1,0
BRDA:47,5,0,0
BRDA:47,5,1,0
BRDA:51,6,0,0
BRDA:51,6,1,0
BRDA:53,7,0,0
BRDA:53,7,1,0
BRDA:56,8,0,0
BRDA:56,8,1,0
BRDA:66,9,0,0
BRDA:66,9,1,0
BRDA:96,10,0,0
BRDA:96,10,1,0
BRDA:128,11,0,0
BRDA:128,11,1,0
BRDA:150,12,0,0
BRDA:150,12,1,0
BRDA:151,13,0,0
BRDA:151,13,1,0
BRF:28
BRH:0
end_of_record
